<?xml version="1.0" encoding="UTF-8"?>
<!-- Generated by org.testng.reporters.JUnitXMLReporter -->
<testsuite hostname="LAPTOP-S6CGSCTO" ignored="0" name="Default test" tests="3" failures="0" timestamp="2020-09-11T14:33:57 IST" time="113.893" errors="0">
  <testcase name="oneWayTrip" time="46.491" classname="testWithMavenMakeMyTrip.MainPageFlightsTest"/>
  <testcase name="oneWayTrip" time="32.093" classname="testWithMavenMakeMyTrip.MainPageFlightsTest"/>
  <testcase name="oneWayTrip" time="29.8" classname="testWithMavenMakeMyTrip.MainPageFlightsTest"/>
</testsuite> <!-- Default test -->
